Using pre-set license
Built from '2020.3/staging' branch; Version is '2020.3.3f1 (76626098c1c4) revision 7758432'; Using compiler version '192528614'; Build Type 'Release'
OS: 'Windows 10 Pro; OS build 19044.2965; Version 2009; 64bit' Language: 'pt' Physical Memory: 16318 MB
BatchMode: 1, IsHumanControllingUs: 0, StartBugReporterOnCrash: 0, Is64bit: 1, IsPro: 0

 COMMAND LINE ARGUMENTS:
C:\Program Files\Unity\Hub\Editor\2020.3.3f1\Editor\Unity.exe
-adb2
-batchMode
-noUpm
-name
AssetImportWorker0
-projectPath
C:/Users/Utilizador/Desktop/Proj_39493
-logFile
Logs/AssetImportWorker0.log
-srvPort
56471
Successfully changed project path to: C:/Users/Utilizador/Desktop/Proj_39493
C:/Users/Utilizador/Desktop/Proj_39493
Using Asset Import Pipeline V2.
Refreshing native plugins compatible for Editor in 36.98 ms, found 1 plugins.
Preloading 0 native plugins for Editor in 0.00 ms.
Initialize engine version: 2020.3.3f1 (76626098c1c4)
[Subsystems] Discovering subsystems at path C:/Program Files/Unity/Hub/Editor/2020.3.3f1/Editor/Data/Resources/UnitySubsystems
[Subsystems] Discovering subsystems at path C:/Users/Utilizador/Desktop/Proj_39493/Assets
GfxDevice: creating device client; threaded=0
Direct3D:
    Version:  Direct3D 11.0 [level 11.1]
    Renderer: NVIDIA GeForce GTX 1060 6GB (ID=0x1c03)
    Vendor:   
    VRAM:     6052 MB
    Driver:   31.0.15.1694
Initialize mono
Mono path[0] = 'C:/Program Files/Unity/Hub/Editor/2020.3.3f1/Editor/Data/Managed'
Mono path[1] = 'C:/Program Files/Unity/Hub/Editor/2020.3.3f1/Editor/Data/MonoBleedingEdge/lib/mono/unityjit'
Mono config path = 'C:/Program Files/Unity/Hub/Editor/2020.3.3f1/Editor/Data/MonoBleedingEdge/etc'
Using monoOptions --debugger-agent=transport=dt_socket,embedding=1,server=y,suspend=n,address=127.0.0.1:56884
Begin MonoManager ReloadAssembly
Registering precompiled unity dll's ...
Register platform support module: C:/Program Files/Unity/Hub/Editor/2020.3.3f1/Editor/Data/PlaybackEngines/MacStandaloneSupport/UnityEditor.OSXStandalone.Extensions.dll
Register platform support module: C:/Program Files/Unity/Hub/Editor/2020.3.3f1/Editor/Data/PlaybackEngines/WindowsStandaloneSupport/UnityEditor.WindowsStandalone.Extensions.dll
Registered in 0.002521 seconds.
Native extension for WindowsStandalone target not found
Native extension for OSXStandalone target not found
Refreshing native plugins compatible for Editor in 36.01 ms, found 1 plugins.
Preloading 0 native plugins for Editor in 0.00 ms.
Invoked RoslynAnalysisRunner static constructor.
RoslynAnalysisRunner will not be running.
RoslynAnalysisRunner has terminated.
Mono: successfully reloaded assembly
- Completed reload, in  1.069 seconds
Platform modules already initialized, skipping
Registering precompiled user dll's ...
Registered in 0.001546 seconds.
Begin MonoManager ReloadAssembly
Native extension for WindowsStandalone target not found
Native extension for OSXStandalone target not found
Refreshing native plugins compatible for Editor in 34.47 ms, found 1 plugins.
Preloading 0 native plugins for Editor in 0.00 ms.
Invoked RoslynAnalysisRunner static constructor.
RoslynAnalysisRunner will not be running.
RoslynAnalysisRunner has terminated.
Mono: successfully reloaded assembly
- Completed reload, in  0.826 seconds
Platform modules already initialized, skipping
========================================================================
Worker process is ready to serve import requests
Launched and connected shader compiler UnityShaderCompiler.exe after 0.04 seconds
Refreshing native plugins compatible for Editor in 0.39 ms, found 1 plugins.
Preloading 0 native plugins for Editor in 0.00 ms.
Unloading 1885 Unused Serialized files (Serialized files now loaded: 0)
System memory in use before: 89.5 MB.
System memory in use after: 89.4 MB.

Unloading 25 unused Assets to reduce memory usage. Loaded Objects now: 2329.
Total: 1.911700 ms (FindLiveObjects: 0.194500 ms CreateObjectMapping: 0.064900 ms MarkObjects: 1.536800 ms  DeleteObjects: 0.114800 ms)

========================================================================
Received Import Request.
  path: Assets/Scenes/OlhoDireito/OlhoDireitoMenosOpacidade/OlhoDir_MaximoOpacidade/D_nivel_3_MAX.unity
  artifactKey: Guid(eee38749c9657324a8c01b9956c41ca6) Importer(815301076,1909f56bfc062723c751e8b465ee728b)
Start importing Assets/Scenes/OlhoDireito/OlhoDireitoMenosOpacidade/OlhoDir_MaximoOpacidade/D_nivel_3_MAX.unity using Guid(eee38749c9657324a8c01b9956c41ca6) Importer(815301076,1909f56bfc062723c751e8b465ee728b)  -> (artifact id: 'f90e905cfa3b391a008817deaa9922a7') in 0.017685 seconds
  Import took 0.020696 seconds .

========================================================================
Received Import Request.
  Time since last request: 0.000252 seconds.
  path: Assets/Scenes/OlhoDireito/OlhoDireitoMenosOpacidade/OlhoDir_MaximoOpacidade/D_nivel_7_MAX.unity
  artifactKey: Guid(7676ff74aaa77ec47b57999e095c0201) Importer(815301076,1909f56bfc062723c751e8b465ee728b)
Start importing Assets/Scenes/OlhoDireito/OlhoDireitoMenosOpacidade/OlhoDir_MaximoOpacidade/D_nivel_7_MAX.unity using Guid(7676ff74aaa77ec47b57999e095c0201) Importer(815301076,1909f56bfc062723c751e8b465ee728b)  -> (artifact id: '02ed45ad018e97fb07bd35e410cb7ef0') in 0.003260 seconds
  Import took 0.006806 seconds .

========================================================================
Received Import Request.
  Time since last request: 10.212942 seconds.
  path: Assets/Scenes/Introdutorio.unity
  artifactKey: Guid(8cd470c79970a451fae79d977882d1a8) Importer(815301076,1909f56bfc062723c751e8b465ee728b)
Start importing Assets/Scenes/Introdutorio.unity using Guid(8cd470c79970a451fae79d977882d1a8) Importer(815301076,1909f56bfc062723c751e8b465ee728b)  -> (artifact id: 'dc8dd1236fdb55b49a7d25942fbf021f') in 0.003246 seconds
  Import took 0.012865 seconds .

========================================================================
Received Import Request.
  Time since last request: 5.136737 seconds.
  path: Assets/Scenes/nivel_1a.unity
  artifactKey: Guid(4731d86a073a54b86935383bc78d2175) Importer(815301076,1909f56bfc062723c751e8b465ee728b)
Start importing Assets/Scenes/nivel_1a.unity using Guid(4731d86a073a54b86935383bc78d2175) Importer(815301076,1909f56bfc062723c751e8b465ee728b)  -> (artifact id: '4eaaf5ebc35559155b1efad4ad1bcd16') in 0.003584 seconds
  Import took 0.007101 seconds .

========================================================================
Received Import Request.
  Time since last request: 1.477037 seconds.
  path: Assets/Scenes/nivel_1b.unity
  artifactKey: Guid(003b6de33b3b64f288d350594a99af37) Importer(815301076,1909f56bfc062723c751e8b465ee728b)
Start importing Assets/Scenes/nivel_1b.unity using Guid(003b6de33b3b64f288d350594a99af37) Importer(815301076,1909f56bfc062723c751e8b465ee728b)  -> (artifact id: '9631beb4bcbacf80dbded322c31d791f') in 0.003151 seconds
  Import took 0.013048 seconds .

========================================================================
Received Import Request.
  Time since last request: 6676.560799 seconds.
  path: Assets/Scenes/nivel_7.unity
  artifactKey: Guid(92a3636c101864d5e9f0855d29b4efd8) Importer(815301076,1909f56bfc062723c751e8b465ee728b)
Start importing Assets/Scenes/nivel_7.unity using Guid(92a3636c101864d5e9f0855d29b4efd8) Importer(815301076,1909f56bfc062723c751e8b465ee728b)  -> (artifact id: 'c110aefebe62d178395d2054d1c9f354') in 0.016273 seconds
  Import took 0.058051 seconds .

AssetImportWorkerClient::OnTransportError - code=2 error=End of file
